18:33:49.785 INFO  manager.ApplicationManager - All tests run in Chrome Browser
18:33:49.998 INFO  manager.WDListener - Url-->https://ilcarro.web.app/
18:33:51.269 INFO  tests.TestBase - === Starting test: searchAnyPeriodSuccess ===
18:33:51.270 INFO  manager.TestNGListener - Start test --->searchAnyPeriodSuccess
18:33:51.271 INFO  manager.WDListener - Before find element -->By.id: city
18:33:51.304 INFO  manager.WDListener - After find element -->By.id: city
18:33:51.318 INFO  manager.WDListener - Location of element (256, 289)
18:33:51.334 INFO  manager.WDListener - Before click element -->inputtext = 
18:33:51.389 INFO  manager.WDListener - After click element -->input
18:33:51.450 INFO  manager.WDListener - sendKeys -->inputtext
18:33:51.475 INFO  manager.WDListener - sendKeys -->inputtext
18:33:51.514 INFO  manager.WDListener - sendKeys -->inputtext
18:33:51.514 INFO  manager.WDListener - Before find element -->By.cssSelector: div.pac-item
18:33:51.905 INFO  manager.WDListener - After find element -->By.cssSelector: div.pac-item
18:33:51.911 INFO  manager.WDListener - Location of element (256, 341)
18:33:51.919 INFO  manager.WDListener - Before click element -->divtext = RehovotIsrael
18:33:51.962 INFO  manager.WDListener - Before find element -->By.id: dates
18:33:51.977 INFO  manager.WDListener - After find element -->By.id: dates
18:33:51.983 INFO  manager.WDListener - Location of element (256, 388)
18:33:51.994 INFO  manager.WDListener - Before click element -->inputtext = 
18:33:52.056 INFO  manager.WDListener - After click element -->input
18:33:52.058 INFO  manager.WDListener - Before find element -->By.xpath: //button[@aria-label='Next month']
18:33:52.072 INFO  manager.WDListener - After find element -->By.xpath: //button[@aria-label='Next month']
18:33:52.080 INFO  manager.WDListener - Location of element (506, 458)
18:33:52.096 INFO  manager.WDListener - Before click element -->buttontext = 
18:33:52.157 INFO  manager.WDListener - After click element -->button
18:33:52.157 INFO  manager.WDListener - Before find element -->By.xpath: //button[@aria-label='Next month']
18:33:52.168 INFO  manager.WDListener - After find element -->By.xpath: //button[@aria-label='Next month']
18:33:52.177 INFO  manager.WDListener - Location of element (506, 460)
18:33:52.194 INFO  manager.WDListener - Before click element -->buttontext = 
18:33:52.240 INFO  manager.WDListener - After click element -->button
18:33:52.240 INFO  manager.WDListener - Before find element -->By.xpath: //button[@aria-label='Next month']
18:33:52.249 INFO  manager.WDListener - After find element -->By.xpath: //button[@aria-label='Next month']
18:33:52.254 INFO  manager.WDListener - Location of element (506, 460)
18:33:52.263 INFO  manager.WDListener - Before click element -->buttontext = 
18:33:52.296 INFO  manager.WDListener - After click element -->button
18:33:52.296 INFO  manager.WDListener - Before find element -->By.xpath: //button[@aria-label='Next month']
18:33:52.305 INFO  manager.WDListener - After find element -->By.xpath: //button[@aria-label='Next month']
18:33:52.310 INFO  manager.WDListener - Location of element (506, 460)
18:33:52.318 INFO  manager.WDListener - Before click element -->buttontext = 
18:33:52.347 INFO  manager.WDListener - After click element -->button
18:33:52.348 INFO  manager.WDListener - Before find element -->By.xpath: //div[text()=' 9 ']
18:33:52.365 INFO  manager.WDListener - After find element -->By.xpath: //div[text()=' 9 ']
18:33:52.373 INFO  manager.WDListener - Location of element (426, 585)
18:33:52.380 INFO  manager.WDListener - Before click element -->divtext = 9
18:33:52.421 INFO  manager.WDListener - Before find element -->By.xpath: //button[@aria-label='Next month']
18:33:52.434 INFO  manager.WDListener - After find element -->By.xpath: //button[@aria-label='Next month']
18:33:52.443 INFO  manager.WDListener - Location of element (506, 460)
18:33:52.454 INFO  manager.WDListener - Before click element -->buttontext = 
18:33:52.497 INFO  manager.WDListener - After click element -->button
18:33:52.497 INFO  manager.WDListener - Before find element -->By.xpath: //button[@aria-label='Next month']
18:33:52.506 INFO  manager.WDListener - After find element -->By.xpath: //button[@aria-label='Next month']
18:33:52.515 INFO  manager.WDListener - Location of element (506, 460)
18:33:52.528 INFO  manager.WDListener - Before click element -->buttontext = 
18:33:52.567 INFO  manager.WDListener - After click element -->button
18:33:52.568 INFO  manager.WDListener - Before find element -->By.xpath: //button[@aria-label='Next month']
18:33:52.578 INFO  manager.WDListener - After find element -->By.xpath: //button[@aria-label='Next month']
18:33:52.584 INFO  manager.WDListener - Location of element (506, 460)
18:33:52.591 INFO  manager.WDListener - Before click element -->buttontext = 
18:33:52.629 INFO  manager.WDListener - After click element -->button
18:33:52.629 INFO  manager.WDListener - Before find element -->By.xpath: //button[@aria-label='Next month']
18:33:52.639 INFO  manager.WDListener - After find element -->By.xpath: //button[@aria-label='Next month']
18:33:52.644 INFO  manager.WDListener - Location of element (506, 460)
18:33:52.653 INFO  manager.WDListener - Before click element -->buttontext = 
18:33:52.691 INFO  manager.WDListener - After click element -->button
18:33:52.691 INFO  manager.WDListener - Before find element -->By.xpath: //button[@aria-label='Next month']
18:33:52.699 INFO  manager.WDListener - After find element -->By.xpath: //button[@aria-label='Next month']
18:33:52.705 INFO  manager.WDListener - Location of element (506, 460)
18:33:52.714 INFO  manager.WDListener - Before click element -->buttontext = 
18:33:52.748 INFO  manager.WDListener - After click element -->button
18:33:52.749 INFO  manager.WDListener - Before find element -->By.xpath: //div[text()=' 8 ']
18:33:52.762 INFO  manager.WDListener - After find element -->By.xpath: //div[text()=' 8 ']
18:33:52.768 INFO  manager.WDListener - Location of element (266, 625)
18:33:52.777 INFO  manager.WDListener - Before click element -->divtext = 8
18:33:52.824 INFO  manager.WDListener - After click element -->div
18:33:52.824 INFO  manager.WDListener - Before find element -->By.xpath: //*[@type='submit']
18:33:52.839 INFO  manager.WDListener - After find element -->By.xpath: //*[@type='submit']
18:33:52.851 INFO  manager.WDListener - Location of element (256, 444)
18:33:52.868 INFO  manager.WDListener - Before click element -->buttontext = Y’alla!
18:33:54.380 INFO  manager.TestNGListener - Success test --->searchAnyPeriodSuccess
