13:08:05.947 INFO  manager.ApplicationManager - All tests run in Chrome Browser
13:08:06.140 INFO  manager.WDListener - Url-->https://ilcarro.web.app/
13:08:07.911 INFO  tests.TestBase - === Starting test: searchAnyPeriodSuccess ===
13:08:07.913 INFO  manager.TestNGListener - Start test --->searchAnyPeriodSuccess
13:08:07.914 INFO  manager.WDListener - Before find element -->By.id: city
13:08:07.931 INFO  manager.WDListener - After find element -->By.id: city
13:08:07.950 INFO  manager.WDListener - Location of element (256, 289)
13:08:07.964 INFO  manager.WDListener - Before click element -->inputtext = 
13:08:08.014 INFO  manager.WDListener - After click element -->input
13:08:08.066 INFO  manager.WDListener - sendKeys -->inputtext
13:08:08.099 INFO  manager.WDListener - sendKeys -->inputtext
13:08:08.119 INFO  manager.WDListener - sendKeys -->inputtext
13:08:08.119 INFO  manager.WDListener - Before find element -->By.cssSelector: div.pac-item
13:08:08.557 INFO  manager.WDListener - After find element -->By.cssSelector: div.pac-item
13:08:08.564 INFO  manager.WDListener - Location of element (256, 341)
13:08:08.583 INFO  manager.WDListener - Before click element -->divtext = RehovotIsrael
13:08:08.649 INFO  manager.WDListener - Before find element -->By.id: dates
13:08:08.668 INFO  manager.WDListener - After find element -->By.id: dates
13:08:08.675 INFO  manager.WDListener - Location of element (256, 388)
13:08:08.682 INFO  manager.WDListener - Before click element -->inputtext = 
13:08:08.749 INFO  manager.WDListener - After click element -->input
13:08:08.751 INFO  manager.WDListener - Before find element -->By.xpath: //button[@aria-label='Choose month and year']
13:08:08.766 INFO  manager.WDListener - After find element -->By.xpath: //button[@aria-label='Choose month and year']
13:08:08.766 INFO  manager.WDListener - Location of element (261, 458)
13:08:08.785 INFO  manager.WDListener - Before click element -->buttontext = MAY 2025
13:08:08.839 INFO  manager.WDListener - After click element -->button
13:08:08.839 INFO  manager.WDListener - Before find element -->By.xpath: //div[text()=' 2025 ']
13:08:08.848 INFO  manager.WDListener - After find element -->By.xpath: //div[text()=' 2025 ']
13:08:08.866 INFO  manager.WDListener - Location of element (407, 724)
13:08:08.900 INFO  manager.WDListener - Before click element -->divtext = 2025
13:08:08.947 INFO  manager.WDListener - Before find element -->By.xpath: //div[text()=' OCT ']
13:08:08.957 INFO  manager.WDListener - After find element -->By.xpath: //div[text()=' OCT ']
13:08:08.968 INFO  manager.WDListener - Location of element (337, 644)
13:08:08.980 INFO  manager.WDListener - Before click element -->divtext = OCT
13:08:09.031 INFO  manager.WDListener - Before find element -->By.xpath: //div[text()=' 9 ']
13:08:09.041 INFO  manager.WDListener - After find element -->By.xpath: //div[text()=' 9 ']
13:08:09.049 INFO  manager.WDListener - Location of element (426, 585)
13:08:09.063 INFO  manager.WDListener - Before click element -->divtext = 9
13:08:09.116 INFO  manager.WDListener - Before find element -->By.xpath: //button[@aria-label='Choose month and year']
13:08:09.128 INFO  manager.WDListener - After find element -->By.xpath: //button[@aria-label='Choose month and year']
13:08:09.133 INFO  manager.WDListener - Location of element (261, 460)
13:08:09.150 INFO  manager.WDListener - Before click element -->buttontext = OCT 2025
13:08:09.206 INFO  manager.WDListener - After click element -->button
13:08:09.206 INFO  manager.WDListener - Before find element -->By.xpath: //div[text()=' 2026 ']
13:08:09.223 INFO  manager.WDListener - After find element -->By.xpath: //div[text()=' 2026 ']
13:08:09.236 INFO  manager.WDListener - Location of element (477, 724)
13:08:09.253 INFO  manager.WDListener - Before click element -->divtext = 2026
13:08:09.300 INFO  manager.WDListener - Before find element -->By.xpath: //div[text()=' MAR ']
13:08:09.321 INFO  manager.WDListener - After find element -->By.xpath: //div[text()=' MAR ']
13:08:09.332 INFO  manager.WDListener - Location of element (407, 564)
13:08:09.332 INFO  manager.WDListener - Before click element -->divtext = MAR
13:08:09.399 INFO  manager.WDListener - Before find element -->By.xpath: //div[text()=' 8 ']
13:08:09.404 INFO  manager.WDListener - After find element -->By.xpath: //div[text()=' 8 ']
13:08:09.416 INFO  manager.WDListener - Location of element (266, 625)
13:08:09.416 INFO  manager.WDListener - Before click element -->divtext = 8
13:08:09.465 INFO  manager.WDListener - After click element -->div
13:08:09.465 INFO  manager.WDListener - Before find element -->By.xpath: //*[@type='submit']
13:08:09.483 INFO  manager.WDListener - After find element -->By.xpath: //*[@type='submit']
13:08:09.499 INFO  manager.WDListener - Location of element (256, 444)
13:08:09.499 INFO  manager.WDListener - Before click element -->buttontext = Y’alla!
13:08:10.829 INFO  manager.TestNGListener - Success test --->searchAnyPeriodSuccess
