19:29:36.663 INFO  manager.ApplicationManager - All tests run in Chrome Browser
19:29:36.850 INFO  manager.WDListener - Url-->https://ilcarro.web.app/
19:29:38.274 INFO  tests.TestBase - === Starting test: negativeSearch ===
19:29:38.276 INFO  manager.TestNGListener - Start test --->negativeSearch
19:29:38.277 INFO  manager.WDListener - Before find element -->By.id: city
19:29:38.306 INFO  manager.WDListener - After find element -->By.id: city
19:29:38.317 INFO  manager.WDListener - Location of element (256, 289)
19:29:38.330 INFO  manager.WDListener - Before click element -->inputtext = 
19:29:38.380 INFO  manager.WDListener - After click element -->input
19:29:38.440 INFO  manager.WDListener - sendKeys -->inputtext
19:29:38.462 INFO  manager.WDListener - sendKeys -->inputtext
19:29:38.490 INFO  manager.WDListener - sendKeys -->inputtext
19:29:38.490 INFO  manager.WDListener - Before find element -->By.cssSelector: div.pac-item
19:29:39.122 INFO  manager.WDListener - After find element -->By.cssSelector: div.pac-item
19:29:39.127 INFO  manager.WDListener - Location of element (256, 341)
19:29:39.138 INFO  manager.WDListener - Before click element -->divtext = RehovotIsrael
19:29:39.182 INFO  manager.WDListener - Before find element -->By.id: dates
19:29:39.198 INFO  manager.WDListener - After find element -->By.id: dates
19:29:39.205 INFO  manager.WDListener - Location of element (256, 388)
19:29:39.247 INFO  manager.WDListener - sendKeys -->inputtext
19:29:39.276 INFO  manager.WDListener - sendKeys -->inputtext
19:29:39.277 INFO  manager.WDListener - Before find element -->By.id: dates
19:29:39.289 INFO  manager.WDListener - After find element -->By.id: dates
19:29:39.295 INFO  manager.WDListener - Location of element (256, 388)
19:29:39.301 INFO  manager.WDListener - Before click element -->inputtext = 
19:29:39.367 INFO  manager.WDListener - After click element -->input
19:29:39.438 INFO  manager.WDListener - sendKeys -->inputtext
19:29:39.465 INFO  manager.WDListener - sendKeys -->inputtext
19:29:39.509 INFO  manager.WDListener - sendKeys -->inputtext
19:29:39.509 INFO  manager.WDListener - Before find element -->By.cssSelector: div.cdk-overlay-backdrop
19:29:39.521 INFO  manager.WDListener - After find element -->By.cssSelector: div.cdk-overlay-backdrop
19:29:39.527 INFO  manager.WDListener - Location of element (0, 0)
19:29:39.533 INFO  manager.WDListener - Before click element -->divtext = 
19:29:39.569 INFO  manager.WDListener - After click element -->div
19:29:39.570 INFO  manager.WDListener - Before find element -->By.xpath: //*[@type='submit']
19:29:39.583 INFO  manager.WDListener - After find element -->By.xpath: //*[@type='submit']
19:29:39.589 INFO  manager.WDListener - Location of element (256, 482)
19:29:39.596 INFO  manager.WDListener - Before click element -->buttontext = Y’alla!
19:29:39.627 INFO  manager.WDListener - After click element -->button
19:29:39.651 INFO  manager.WDListener - Before find element -->By.cssSelector: button[type = 'submit']
19:29:39.667 INFO  manager.WDListener - After find element -->By.cssSelector: button[type = 'submit']
19:29:39.675 INFO  manager.WDListener - Location of element (256, 482)
19:29:39.679 INFO  manager.WDListener - Before find element -->By.cssSelector: div.error
19:29:39.691 INFO  manager.WDListener - After find element -->By.cssSelector: div.error
19:29:39.696 INFO  manager.WDListener - Location of element (256, 419)
19:29:39.705 INFO  manager.TestNGListener - Success test --->negativeSearch
19:29:39.706 INFO  manager.WDListener - Before find element -->By.cssSelector: a.logo
19:29:39.717 INFO  manager.WDListener - After find element -->By.cssSelector: a.logo
19:29:39.723 INFO  manager.WDListener - Location of element (256, 16)
19:29:39.731 INFO  manager.WDListener - Before click element -->atext = 
19:29:39.882 INFO  tests.TestBase - === Starting test: searchAnyPeriodSuccess ===
19:29:39.882 INFO  manager.TestNGListener - Start test --->searchAnyPeriodSuccess
19:29:39.883 INFO  manager.WDListener - Before find element -->By.id: city
19:29:39.893 INFO  manager.WDListener - After find element -->By.id: city
19:29:39.903 INFO  manager.WDListener - Location of element (256, 289)
19:29:39.912 INFO  manager.WDListener - Before click element -->inputtext = 
19:29:39.950 INFO  manager.WDListener - After click element -->input
19:29:40.007 INFO  manager.WDListener - sendKeys -->inputtext
19:29:40.027 INFO  manager.WDListener - sendKeys -->inputtext
19:29:40.052 INFO  manager.WDListener - sendKeys -->inputtext
19:29:40.052 INFO  manager.WDListener - Before find element -->By.cssSelector: div.pac-item
19:29:40.334 INFO  manager.WDListener - After find element -->By.cssSelector: div.pac-item
19:29:40.341 INFO  manager.WDListener - Location of element (256, 341)
19:29:40.348 INFO  manager.WDListener - Before click element -->divtext = RehovotIsrael
19:29:40.387 INFO  manager.WDListener - Before find element -->By.id: dates
19:29:40.396 INFO  manager.WDListener - After find element -->By.id: dates
19:29:40.403 INFO  manager.WDListener - Location of element (256, 388)
19:29:40.411 INFO  manager.WDListener - Before click element -->inputtext = 
19:29:40.466 INFO  manager.WDListener - After click element -->input
19:29:40.467 INFO  manager.WDListener - Before find element -->By.xpath: //button[@aria-label='Next month']
19:29:40.482 INFO  manager.WDListener - After find element -->By.xpath: //button[@aria-label='Next month']
19:29:40.495 INFO  manager.WDListener - Location of element (506, 457)
19:29:40.506 INFO  manager.WDListener - Before click element -->buttontext = 
19:29:40.568 INFO  manager.WDListener - After click element -->button
19:29:40.569 INFO  manager.WDListener - Before find element -->By.xpath: //button[@aria-label='Next month']
19:29:40.577 INFO  manager.WDListener - After find element -->By.xpath: //button[@aria-label='Next month']
19:29:40.586 INFO  manager.WDListener - Location of element (506, 460)
19:29:40.601 INFO  manager.WDListener - Before click element -->buttontext = 
19:29:40.649 INFO  manager.WDListener - After click element -->button
19:29:40.649 INFO  manager.WDListener - Before find element -->By.xpath: //button[@aria-label='Next month']
19:29:40.659 INFO  manager.WDListener - After find element -->By.xpath: //button[@aria-label='Next month']
19:29:40.664 INFO  manager.WDListener - Location of element (506, 460)
19:29:40.673 INFO  manager.WDListener - Before click element -->buttontext = 
19:29:40.704 INFO  manager.WDListener - After click element -->button
19:29:40.704 INFO  manager.WDListener - Before find element -->By.xpath: //button[@aria-label='Next month']
19:29:40.713 INFO  manager.WDListener - After find element -->By.xpath: //button[@aria-label='Next month']
19:29:40.718 INFO  manager.WDListener - Location of element (506, 460)
19:29:40.727 INFO  manager.WDListener - Before click element -->buttontext = 
19:29:40.761 INFO  manager.WDListener - After click element -->button
19:29:40.762 INFO  manager.WDListener - Before find element -->By.xpath: //div[text()=' 9 ']
19:29:40.774 INFO  manager.WDListener - After find element -->By.xpath: //div[text()=' 9 ']
19:29:40.780 INFO  manager.WDListener - Location of element (426, 585)
19:29:40.787 INFO  manager.WDListener - Before click element -->divtext = 9
19:29:40.829 INFO  manager.WDListener - Before find element -->By.xpath: //button[@aria-label='Next month']
19:29:40.850 INFO  manager.WDListener - After find element -->By.xpath: //button[@aria-label='Next month']
19:29:40.857 INFO  manager.WDListener - Location of element (506, 460)
19:29:40.871 INFO  manager.WDListener - Before click element -->buttontext = 
19:29:40.915 INFO  manager.WDListener - After click element -->button
19:29:40.916 INFO  manager.WDListener - Before find element -->By.xpath: //button[@aria-label='Next month']
19:29:40.925 INFO  manager.WDListener - After find element -->By.xpath: //button[@aria-label='Next month']
19:29:40.931 INFO  manager.WDListener - Location of element (506, 460)
19:29:40.944 INFO  manager.WDListener - Before click element -->buttontext = 
19:29:40.995 INFO  manager.WDListener - After click element -->button
19:29:40.995 INFO  manager.WDListener - Before find element -->By.xpath: //button[@aria-label='Next month']
19:29:41.003 INFO  manager.WDListener - After find element -->By.xpath: //button[@aria-label='Next month']
19:29:41.012 INFO  manager.WDListener - Location of element (506, 460)
19:29:41.021 INFO  manager.WDListener - Before click element -->buttontext = 
19:29:41.062 INFO  manager.WDListener - After click element -->button
19:29:41.063 INFO  manager.WDListener - Before find element -->By.xpath: //button[@aria-label='Next month']
19:29:41.070 INFO  manager.WDListener - After find element -->By.xpath: //button[@aria-label='Next month']
19:29:41.078 INFO  manager.WDListener - Location of element (506, 460)
19:29:41.087 INFO  manager.WDListener - Before click element -->buttontext = 
19:29:41.126 INFO  manager.WDListener - After click element -->button
19:29:41.126 INFO  manager.WDListener - Before find element -->By.xpath: //button[@aria-label='Next month']
19:29:41.134 INFO  manager.WDListener - After find element -->By.xpath: //button[@aria-label='Next month']
19:29:41.141 INFO  manager.WDListener - Location of element (506, 460)
19:29:41.149 INFO  manager.WDListener - Before click element -->buttontext = 
19:29:41.181 INFO  manager.WDListener - After click element -->button
19:29:41.182 INFO  manager.WDListener - Before find element -->By.xpath: //div[text()=' 8 ']
19:29:41.195 INFO  manager.WDListener - After find element -->By.xpath: //div[text()=' 8 ']
19:29:41.200 INFO  manager.WDListener - Location of element (266, 625)
19:29:41.208 INFO  manager.WDListener - Before click element -->divtext = 8
19:29:41.251 INFO  manager.WDListener - After click element -->div
19:29:41.579 INFO  manager.WDListener - Before find element -->By.xpath: //*[@type='submit']
19:29:41.586 INFO  manager.WDListener - After find element -->By.xpath: //*[@type='submit']
19:29:41.591 INFO  manager.WDListener - Location of element (256, 444)
19:29:41.597 INFO  manager.WDListener - Before click element -->buttontext = Y’alla!
19:29:42.849 INFO  manager.TestNGListener - Success test --->searchAnyPeriodSuccess
19:29:42.850 INFO  manager.WDListener - Before find element -->By.cssSelector: a.logo
19:29:42.857 INFO  manager.WDListener - After find element -->By.cssSelector: a.logo
19:29:42.861 INFO  manager.WDListener - Location of element (256, 16)
19:29:42.870 INFO  manager.WDListener - Before click element -->atext = 
19:29:42.982 INFO  tests.TestBase - === Starting test: searchCurrentMonthSuccess ===
19:29:42.982 INFO  manager.TestNGListener - Start test --->searchCurrentMonthSuccess
19:29:42.983 INFO  manager.WDListener - Before find element -->By.id: city
19:29:42.994 INFO  manager.WDListener - After find element -->By.id: city
19:29:43.001 INFO  manager.WDListener - Location of element (256, 289)
19:29:43.017 INFO  manager.WDListener - Before click element -->inputtext = 
19:29:43.054 INFO  manager.WDListener - After click element -->input
19:29:43.127 INFO  manager.WDListener - sendKeys -->inputtext
19:29:43.157 INFO  manager.WDListener - sendKeys -->inputtext
19:29:43.187 INFO  manager.WDListener - sendKeys -->inputtext
19:29:43.187 INFO  manager.WDListener - Before find element -->By.cssSelector: div.pac-item
19:29:43.533 INFO  manager.WDListener - After find element -->By.cssSelector: div.pac-item
19:29:43.537 INFO  manager.WDListener - Location of element (256, 341)
19:29:43.544 INFO  manager.WDListener - Before click element -->divtext = RehovotIsrael
19:29:43.573 INFO  manager.WDListener - Before find element -->By.id: dates
19:29:43.582 INFO  manager.WDListener - After find element -->By.id: dates
19:29:43.590 INFO  manager.WDListener - Location of element (256, 369)
19:29:43.597 INFO  manager.WDListener - Before click element -->inputtext = 
19:29:43.648 INFO  manager.WDListener - After click element -->input
19:29:43.648 INFO  manager.WDListener - Before find element -->By.xpath: //div[text() =' 10 ']
19:29:43.657 INFO  manager.WDListener - After find element -->By.xpath: //div[text() =' 10 ']
19:29:43.664 INFO  manager.WDListener - Location of element (466, 548)
19:29:43.676 INFO  manager.WDListener - Before click element -->divtext = 10
19:29:43.725 INFO  manager.WDListener - Before find element -->By.xpath: //div[text() =' 27 ']
19:29:43.737 INFO  manager.WDListener - After find element -->By.xpath: //div[text() =' 27 ']
19:29:43.744 INFO  manager.WDListener - Location of element (306, 685)
19:29:43.758 INFO  manager.WDListener - Before click element -->divtext = 27
19:29:43.807 INFO  manager.WDListener - After click element -->div
19:29:44.073 INFO  manager.WDListener - Before find element -->By.xpath: //*[@type='submit']
19:29:44.080 INFO  manager.WDListener - After find element -->By.xpath: //*[@type='submit']
19:29:44.087 INFO  manager.WDListener - Location of element (256, 444)
19:29:44.101 INFO  manager.WDListener - Before click element -->buttontext = Y’alla!
19:29:44.801 INFO  manager.TestNGListener - Success test --->searchCurrentMonthSuccess
19:29:44.801 INFO  manager.WDListener - Before find element -->By.cssSelector: a.logo
19:29:45.244 INFO  manager.WDListener - After find element -->By.cssSelector: a.logo
19:29:56.114 INFO  manager.WDListener - Location of element (256, 16)
19:29:56.123 INFO  manager.WDListener - Before click element -->atext = 
19:29:56.244 INFO  tests.TestBase - === Starting test: searchCurrentYearSuccess ===
19:29:56.244 INFO  manager.TestNGListener - Start test --->searchCurrentYearSuccess
19:29:56.244 INFO  manager.WDListener - Before find element -->By.id: city
19:29:56.257 INFO  manager.WDListener - After find element -->By.id: city
19:29:56.269 INFO  manager.WDListener - Location of element (256, 289)
19:29:56.287 INFO  manager.WDListener - Before click element -->inputtext = 
19:29:56.330 INFO  manager.WDListener - After click element -->input
19:29:56.414 INFO  manager.WDListener - sendKeys -->inputtext
19:29:56.452 INFO  manager.WDListener - sendKeys -->inputtext
19:29:56.487 INFO  manager.WDListener - sendKeys -->inputtext
19:29:56.487 INFO  manager.WDListener - Before find element -->By.cssSelector: div.pac-item
19:29:56.979 INFO  manager.WDListener - After find element -->By.cssSelector: div.pac-item
19:29:56.986 INFO  manager.WDListener - Location of element (256, 341)
19:29:56.996 INFO  manager.WDListener - Before click element -->divtext = RehovotIsrael
19:29:57.031 INFO  manager.WDListener - Before find element -->By.id: dates
19:29:57.037 INFO  manager.WDListener - After find element -->By.id: dates
19:29:57.047 INFO  manager.WDListener - Location of element (256, 369)
19:29:57.055 INFO  manager.WDListener - Before click element -->inputtext = 
19:29:57.104 INFO  manager.WDListener - After click element -->input
19:29:57.105 INFO  manager.WDListener - Before find element -->By.xpath: //button[@aria-label='Next month']
19:29:57.111 INFO  manager.WDListener - After find element -->By.xpath: //button[@aria-label='Next month']
19:29:57.118 INFO  manager.WDListener - Location of element (506, 438)
19:29:57.128 INFO  manager.WDListener - Before click element -->buttontext = 
19:29:57.175 INFO  manager.WDListener - After click element -->button
19:29:57.176 INFO  manager.WDListener - Before find element -->By.xpath: //div[text()=' 3 ']
19:29:57.189 INFO  manager.WDListener - After find element -->By.xpath: //div[text()=' 3 ']
19:29:57.195 INFO  manager.WDListener - Location of element (306, 565)
19:29:57.206 INFO  manager.WDListener - Before click element -->divtext = 3
19:29:57.249 INFO  manager.WDListener - Before find element -->By.xpath: //button[@aria-label='Next month']
19:29:57.266 INFO  manager.WDListener - After find element -->By.xpath: //button[@aria-label='Next month']
19:29:57.275 INFO  manager.WDListener - Location of element (506, 441)
19:29:57.294 INFO  manager.WDListener - Before click element -->buttontext = 
19:29:57.353 INFO  manager.WDListener - After click element -->button
19:29:57.354 INFO  manager.WDListener - Before find element -->By.xpath: //button[@aria-label='Next month']
19:29:57.364 INFO  manager.WDListener - After find element -->By.xpath: //button[@aria-label='Next month']
19:29:57.372 INFO  manager.WDListener - Location of element (506, 441)
19:29:57.385 INFO  manager.WDListener - Before click element -->buttontext = 
19:29:57.430 INFO  manager.WDListener - After click element -->button
19:29:57.430 INFO  manager.WDListener - Before find element -->By.xpath: //button[@aria-label='Next month']
19:29:57.439 INFO  manager.WDListener - After find element -->By.xpath: //button[@aria-label='Next month']
19:29:57.444 INFO  manager.WDListener - Location of element (506, 441)
19:29:57.452 INFO  manager.WDListener - Before click element -->buttontext = 
19:29:57.489 INFO  manager.WDListener - After click element -->button
19:29:57.489 INFO  manager.WDListener - Before find element -->By.xpath: //button[@aria-label='Next month']
19:29:57.495 INFO  manager.WDListener - After find element -->By.xpath: //button[@aria-label='Next month']
19:29:57.501 INFO  manager.WDListener - Location of element (506, 441)
19:29:57.508 INFO  manager.WDListener - Before click element -->buttontext = 
19:29:57.542 INFO  manager.WDListener - After click element -->button
19:29:57.542 INFO  manager.WDListener - Before find element -->By.xpath: //div[text()=' 16 ']
19:29:57.554 INFO  manager.WDListener - After find element -->By.xpath: //div[text()=' 16 ']
19:29:57.561 INFO  manager.WDListener - Location of element (306, 646)
19:29:57.569 INFO  manager.WDListener - Before click element -->divtext = 16
19:29:57.609 INFO  manager.WDListener - After click element -->div
19:29:57.904 INFO  manager.WDListener - Before find element -->By.xpath: //*[@type='submit']
19:29:57.910 INFO  manager.WDListener - After find element -->By.xpath: //*[@type='submit']
19:29:57.916 INFO  manager.WDListener - Location of element (256, 444)
19:29:57.922 INFO  manager.WDListener - Before click element -->buttontext = Y’alla!
19:29:58.477 INFO  manager.TestNGListener - Success test --->searchCurrentYearSuccess
19:29:58.477 INFO  manager.WDListener - Before find element -->By.cssSelector: a.logo
19:29:58.489 INFO  manager.WDListener - After find element -->By.cssSelector: a.logo
19:29:58.496 INFO  manager.WDListener - Location of element (256, 16)
19:29:58.507 INFO  manager.WDListener - Before click element -->atext = 
